<?xml version="1.0" encoding="UTF-8"?>
<!-- Generated by org.testng.reporters.JUnitReportReporter -->
<testsuite hostname="MSI" failures="0" tests="1" name="tests.TwoTest" time="11.428" errors="0" timestamp="2022-09-02T20:46:00 IST" skipped="0">
  <testcase classname="tests.TwoTest" name="testTwo" time="11.428"/>
  <system-out/>
</testsuite> <!-- tests.TwoTest -->
