<?xml version="1.0" encoding="UTF-8"?>
<!-- Generated by org.testng.reporters.JUnitReportReporter -->
<testsuite hostname="MSI" failures="0" tests="2" name="tests.LoginTest" time="26.360" errors="0" timestamp="2022-09-02T20:46:00 IST" skipped="0">
  <testcase classname="tests.LoginTest" name="login" time="15.522"/>
  <system-out/>
  <testcase classname="tests.LoginTest" name="login" time="10.838"/>
  <system-out/>
</testsuite> <!-- tests.LoginTest -->
