<?xml version="1.0" encoding="UTF-8"?>
<!-- Generated by org.testng.reporters.JUnitReportReporter -->
<testsuite hostname="MSI" failures="0" tests="1" name="runner.Runner" time="8.852" errors="0" timestamp="2022-09-05T20:02:50 IST" skipped="0">
  <testcase classname="runner.Runner" name="runScenario" time="8.852"/>
  <system-out/>
</testsuite> <!-- runner.Runner -->
