<?xml version="1.0" encoding="UTF-8"?>
<!-- Generated by org.testng.reporters.JUnitReportReporter -->
<testsuite hostname="MSI" failures="0" tests="2" name="tests.LoginTest" time="22.853" errors="0" timestamp="2022-09-01T20:55:21 IST" skipped="0">
  <testcase classname="tests.LoginTest" name="login" time="16.891"/>
  <system-out/>
  <testcase classname="tests.LoginTest" name="login" time="5.962"/>
  <system-out/>
</testsuite> <!-- tests.LoginTest -->
