<?xml version="1.0" encoding="UTF-8"?>
<!-- Generated by org.testng.reporters.JUnitReportReporter -->
<testsuite hostname="MSI" failures="0" tests="1" name="tests.ThreeTest" time="0.001" errors="0" timestamp="2022-09-01T20:55:21 IST" skipped="0">
  <testcase classname="tests.ThreeTest" name="testThree" time="0.001"/>
  <system-out/>
</testsuite> <!-- tests.ThreeTest -->
